# Filter Job
# Filter Node
# Job Trace
# Node Structure
# Backfill
# Start Window
# Basic Algorithm
# Basic Algorithm
# Info Collect
# Cqsim Sim
               
===============
===============
               
>>>>>>>>>>>>>>>>>>>>>>>>>>>>>>>>>>>>>>>>>>>>>
------------------------------
  Time: 0.0
   {'type': 1, 'time': 0.0, 'prio': 2, 'para': [1, 0]}
------------------------------
  Wait: []
  Run : []
------------------------------
  Tot:128 Idle:128 Avail:128 
------------------------------
[Submit]  0
[Start]  0
               
>>>>>>>>>>>>>>>>>>>>>>>>>>>>>>>>>>>>>>>>>>>>>
------------------------------
  Time: 100596.0
   {'type': 1, 'time': 100596.0, 'prio': 1, 'para': [2, 0]}
------------------------------
  Wait: []
  Run : [0]
------------------------------
  Tot:128 Idle:108 Avail:108 
------------------------------
[Finish]  0
               
>>>>>>>>>>>>>>>>>>>>>>>>>>>>>>>>>>>>>>>>>>>>>
------------------------------
  Time: -88016.0
   {'type': 1, 'time': -88016.0, 'prio': 2, 'para': [1, 3]}
------------------------------
  Wait: []
  Run : []
------------------------------
  Tot:128 Idle:128 Avail:128 
------------------------------
[Submit]  3
[Start]  3
               
>>>>>>>>>>>>>>>>>>>>>>>>>>>>>>>>>>>>>>>>>>>>>
------------------------------
  Time: -197656.0
   {'type': 1, 'time': -197656.0, 'prio': 2, 'para': [1, 6]}
------------------------------
  Wait: []
  Run : [3]
------------------------------
  Tot:128 Idle:9 Avail:9 
------------------------------
[Submit]  6
               
>>>>>>>>>>>>>>>>>>>>>>>>>>>>>>>>>>>>>>>>>>>>>
------------------------------
  Time: -42463.0
   {'type': 1, 'time': -42463.0, 'prio': 2, 'para': [1, 5]}
------------------------------
  Wait: [6]
  Run : [3]
------------------------------
  Tot:128 Idle:9 Avail:9 
------------------------------
[Submit]  5
